  AttackEnemyState.cpp
  AttackPlayerState.cpp
C:\Users\SolerioX\Documents\SETU_Carlow\Games_Fleadh\Neon_Run\Neon_Run\AnimatedFSM\AttackPlayerState.cpp(29,20): warning C4018: '<': signed/unsigned mismatch
C:\Users\SolerioX\Documents\SETU_Carlow\Games_Fleadh\Neon_Run\Neon_Run\AnimatedFSM\AttackPlayerState.cpp(36,9): warning C4018: '>=': signed/unsigned mismatch
  Audio.cpp
  Background.cpp
C:\Users\SolerioX\Documents\SETU_Carlow\Games_Fleadh\Neon_Run\Neon_Run\AnimatedFSM\Background.cpp(5,23): warning C4018: '<': signed/unsigned mismatch
C:\Users\SolerioX\Documents\SETU_Carlow\Games_Fleadh\Neon_Run\Neon_Run\AnimatedFSM\Background.cpp(7,24): warning C4018: '<': signed/unsigned mismatch
C:\Users\SolerioX\Documents\SETU_Carlow\Games_Fleadh\Neon_Run\Neon_Run\AnimatedFSM\Background.cpp(27,23): warning C4018: '<': signed/unsigned mismatch
C:\Users\SolerioX\Documents\SETU_Carlow\Games_Fleadh\Neon_Run\Neon_Run\AnimatedFSM\Background.cpp(29,24): warning C4018: '<': signed/unsigned mismatch
  DiedEnemyState.cpp
C:\Users\SolerioX\Documents\SETU_Carlow\Games_Fleadh\Neon_Run\Neon_Run\AnimatedFSM\DiedEnemyState.cpp(17,21): warning C4018: '<': signed/unsigned mismatch
  DiedPlayerState.cpp
  Menu.cpp
C:\Users\SolerioX\Documents\SETU_Carlow\Games_Fleadh\Neon_Run\Neon_Run\AnimatedFSM\Menu.cpp(30,91): warning C4244: 'argument': conversion from 'T' to 'T', possible loss of data
          with
          [
              T=int
          ]
          and
          [
              T=float
          ]
C:\Users\SolerioX\Documents\SETU_Carlow\Games_Fleadh\Neon_Run\Neon_Run\AnimatedFSM\Menu.cpp(30,63): warning C4244: 'argument': conversion from 'T' to 'T', possible loss of data
          with
          [
              T=int
          ]
          and
          [
              T=float
          ]
C:\Users\SolerioX\Documents\SETU_Carlow\Games_Fleadh\Neon_Run\Neon_Run\AnimatedFSM\Menu.cpp(45,91): warning C4244: 'argument': conversion from 'T' to 'T', possible loss of data
          with
          [
              T=int
          ]
          and
          [
              T=float
          ]
C:\Users\SolerioX\Documents\SETU_Carlow\Games_Fleadh\Neon_Run\Neon_Run\AnimatedFSM\Menu.cpp(45,63): warning C4244: 'argument': conversion from 'T' to 'T', possible loss of data
          with
          [
              T=int
          ]
          and
          [
              T=float
          ]
  Pause.cpp
C:\Users\SolerioX\Documents\SETU_Carlow\Games_Fleadh\Neon_Run\Neon_Run\AnimatedFSM\Pause.cpp(73,96): warning C4244: 'argument': conversion from 'T' to 'T', possible loss of data
          with
          [
              T=int
          ]
          and
          [
              T=float
          ]
C:\Users\SolerioX\Documents\SETU_Carlow\Games_Fleadh\Neon_Run\Neon_Run\AnimatedFSM\Pause.cpp(73,68): warning C4244: 'argument': conversion from 'T' to 'T', possible loss of data
          with
          [
              T=int
          ]
          and
          [
              T=float
          ]
C:\Users\SolerioX\Documents\SETU_Carlow\Games_Fleadh\Neon_Run\Neon_Run\AnimatedFSM\Pause.cpp(89,95): warning C4244: 'argument': conversion from 'T' to 'T', possible loss of data
          with
          [
              T=int
          ]
          and
          [
              T=float
          ]
C:\Users\SolerioX\Documents\SETU_Carlow\Games_Fleadh\Neon_Run\Neon_Run\AnimatedFSM\Pause.cpp(89,67): warning C4244: 'argument': conversion from 'T' to 'T', possible loss of data
          with
          [
              T=int
          ]
          and
          [
              T=float
          ]
C:\Users\SolerioX\Documents\SETU_Carlow\Games_Fleadh\Neon_Run\Neon_Run\AnimatedFSM\Pause.cpp(106,92): warning C4244: 'argument': conversion from 'T' to 'T', possible loss of data
          with
          [
              T=int
          ]
          and
          [
              T=float
          ]
C:\Users\SolerioX\Documents\SETU_Carlow\Games_Fleadh\Neon_Run\Neon_Run\AnimatedFSM\Pause.cpp(106,64): warning C4244: 'argument': conversion from 'T' to 'T', possible loss of data
          with
          [
              T=int
          ]
          and
          [
              T=float
          ]
  EndScreen.cpp
C:\Users\SolerioX\Documents\SETU_Carlow\Games_Fleadh\Neon_Run\Neon_Run\AnimatedFSM\EndScreen.cpp(8,64): warning C4244: 'argument': conversion from 'T' to 'T', possible loss of data
          with
          [
              T=unsigned int
          ]
          and
          [
              T=float
          ]
C:\Users\SolerioX\Documents\SETU_Carlow\Games_Fleadh\Neon_Run\Neon_Run\AnimatedFSM\EndScreen.cpp(8,44): warning C4244: 'argument': conversion from 'T' to 'T', possible loss of data
          with
          [
              T=unsigned int
          ]
          and
          [
              T=float
          ]
C:\Users\SolerioX\Documents\SETU_Carlow\Games_Fleadh\Neon_Run\Neon_Run\AnimatedFSM\EndScreen.cpp(73,51): warning C4244: '=': conversion from 'const T' to 'T', possible loss of data
          with
          [
              T=float
          ]
          and
          [
              T=int
          ]
C:\Users\SolerioX\Documents\SETU_Carlow\Games_Fleadh\Neon_Run\Neon_Run\AnimatedFSM\EndScreen.cpp(74,54): warning C4244: '=': conversion from 'T' to 'T', possible loss of data
          with
          [
              T=float
          ]
          and
          [
              T=int
          ]
C:\Users\SolerioX\Documents\SETU_Carlow\Games_Fleadh\Neon_Run\Neon_Run\AnimatedFSM\EndScreen.cpp(76,51): warning C4244: '=': conversion from 'const T' to 'T', possible loss of data
          with
          [
              T=float
          ]
          and
          [
              T=int
          ]
C:\Users\SolerioX\Documents\SETU_Carlow\Games_Fleadh\Neon_Run\Neon_Run\AnimatedFSM\EndScreen.cpp(77,54): warning C4244: '=': conversion from 'T' to 'T', possible loss of data
          with
          [
              T=float
          ]
          and
          [
              T=int
          ]
  Enemy.cpp
  EnemyScore.cpp
C:\Users\SolerioX\Documents\SETU_Carlow\Games_Fleadh\Neon_Run\Neon_Run\AnimatedFSM\EnemyScore.cpp(12,31): warning C4305: 'argument': truncation from 'double' to 'float'
  ExtraKunais.cpp
C:\Users\SolerioX\Documents\SETU_Carlow\Games_Fleadh\Neon_Run\Neon_Run\AnimatedFSM\ExtraKunais.cpp(24,31): warning C4305: 'argument': truncation from 'double' to 'float'
  Game.cpp
C:\Users\SolerioX\Documents\SETU_Carlow\Games_Fleadh\Neon_Run\Neon_Run\AnimatedFSM\Game.cpp(50,60): warning C4244: 'argument': conversion from 'float' to 'int', possible loss of data
C:\Users\SolerioX\Documents\SETU_Carlow\Games_Fleadh\Neon_Run\Neon_Run\AnimatedFSM\Game.cpp(50,47): warning C4244: 'argument': conversion from 'float' to 'int', possible loss of data
C:\Users\SolerioX\Documents\SETU_Carlow\Games_Fleadh\Neon_Run\Neon_Run\AnimatedFSM\Game.cpp(50,37): warning C4244: 'argument': conversion from 'float' to 'int', possible loss of data
C:\Users\SolerioX\Documents\SETU_Carlow\Games_Fleadh\Neon_Run\Neon_Run\AnimatedFSM\Game.cpp(50,121): warning C4244: 'argument': conversion from 'float' to 'int', possible loss of data
C:\Users\SolerioX\Documents\SETU_Carlow\Games_Fleadh\Neon_Run\Neon_Run\AnimatedFSM\Game.cpp(50,108): warning C4244: 'argument': conversion from 'float' to 'int', possible loss of data
C:\Users\SolerioX\Documents\SETU_Carlow\Games_Fleadh\Neon_Run\Neon_Run\AnimatedFSM\Game.cpp(50,98): warning C4244: 'argument': conversion from 'float' to 'int', possible loss of data
C:\Users\SolerioX\Documents\SETU_Carlow\Games_Fleadh\Neon_Run\Neon_Run\AnimatedFSM\Game.cpp(51,60): warning C4244: 'argument': conversion from 'float' to 'int', possible loss of data
C:\Users\SolerioX\Documents\SETU_Carlow\Games_Fleadh\Neon_Run\Neon_Run\AnimatedFSM\Game.cpp(51,47): warning C4244: 'argument': conversion from 'float' to 'int', possible loss of data
C:\Users\SolerioX\Documents\SETU_Carlow\Games_Fleadh\Neon_Run\Neon_Run\AnimatedFSM\Game.cpp(51,37): warning C4244: 'argument': conversion from 'float' to 'int', possible loss of data
C:\Users\SolerioX\Documents\SETU_Carlow\Games_Fleadh\Neon_Run\Neon_Run\AnimatedFSM\Game.cpp(51,122): warning C4244: 'argument': conversion from 'float' to 'int', possible loss of data
C:\Users\SolerioX\Documents\SETU_Carlow\Games_Fleadh\Neon_Run\Neon_Run\AnimatedFSM\Game.cpp(51,109): warning C4244: 'argument': conversion from 'float' to 'int', possible loss of data
C:\Users\SolerioX\Documents\SETU_Carlow\Games_Fleadh\Neon_Run\Neon_Run\AnimatedFSM\Game.cpp(51,99): warning C4244: 'argument': conversion from 'float' to 'int', possible loss of data
C:\Users\SolerioX\Documents\SETU_Carlow\Games_Fleadh\Neon_Run\Neon_Run\AnimatedFSM\Game.cpp(242,12): warning C4244: 'argument': conversion from 'time_t' to 'unsigned int', possible loss of data
C:\Users\SolerioX\Documents\SETU_Carlow\Games_Fleadh\Neon_Run\Neon_Run\AnimatedFSM\Game.cpp(489,29): warning C4244: 'argument': conversion from 'float' to 'unsigned int', possible loss of data
C:\Users\SolerioX\Documents\SETU_Carlow\Games_Fleadh\Neon_Run\Neon_Run\AnimatedFSM\Game.cpp(551,34): warning C4244: 'argument': conversion from 'float' to 'unsigned int', possible loss of data
C:\Users\SolerioX\Documents\SETU_Carlow\Games_Fleadh\Neon_Run\Neon_Run\AnimatedFSM\Game.cpp(577,34): warning C4244: 'argument': conversion from 'float' to 'unsigned int', possible loss of data
C:\Users\SolerioX\Documents\SETU_Carlow\Games_Fleadh\Neon_Run\Neon_Run\AnimatedFSM\Game.cpp(863,22): warning C4244: 'argument': conversion from 'int' to 'float', possible loss of data
C:\Users\SolerioX\Documents\SETU_Carlow\Games_Fleadh\Neon_Run\Neon_Run\AnimatedFSM\Game.cpp(1028,60): warning C4244: 'argument': conversion from 'T' to 'float', possible loss of data
          with
          [
              T=unsigned int
          ]
C:\Users\SolerioX\Documents\SETU_Carlow\Games_Fleadh\Neon_Run\Neon_Run\AnimatedFSM\Game.cpp(1602,20): warning C4018: '<': signed/unsigned mismatch
  GlidePlayerState.cpp
  IdleEnemyState.cpp
  JumpAttackPlayerState.cpp
  JumpPlayerState.cpp
  JumpThrowAttackPlayerState.cpp
C:\Users\SolerioX\Documents\SETU_Carlow\Games_Fleadh\Neon_Run\Neon_Run\AnimatedFSM\JumpThrowAttackPlayerState.cpp(79,20): warning C4018: '<': signed/unsigned mismatch
  Light.cpp
  Medkit.cpp
C:\Users\SolerioX\Documents\SETU_Carlow\Games_Fleadh\Neon_Run\Neon_Run\AnimatedFSM\Medkit.cpp(24,31): warning C4305: 'argument': truncation from 'double' to 'float'
  Generating Code...
  Compiling...
  Player.cpp
  main.cpp
  RevivedPlayerState.cpp
  RunRightPlayerState.cpp
C:\Users\SolerioX\Documents\SETU_Carlow\Games_Fleadh\Neon_Run\Neon_Run\AnimatedFSM\RunRightPlayerState.cpp(60,17): warning C4018: '<': signed/unsigned mismatch
C:\Users\SolerioX\Documents\SETU_Carlow\Games_Fleadh\Neon_Run\Neon_Run\AnimatedFSM\RunRightPlayerState.cpp(67,9): warning C4018: '>=': signed/unsigned mismatch
  Set1.cpp
C:\Users\SolerioX\Documents\SETU_Carlow\Games_Fleadh\Neon_Run\Neon_Run\AnimatedFSM\Set1.cpp(6,12): warning C4244: 'argument': conversion from 'time_t' to 'unsigned int', possible loss of data
C:\Users\SolerioX\Documents\SETU_Carlow\Games_Fleadh\Neon_Run\Neon_Run\AnimatedFSM\Set1.cpp(16,62): warning C4244: 'argument': conversion from 'T' to 'T', possible loss of data
          with
          [
              T=unsigned int
          ]
          and
          [
              T=float
          ]
C:\Users\SolerioX\Documents\SETU_Carlow\Games_Fleadh\Neon_Run\Neon_Run\AnimatedFSM\Set1.cpp(70,20): warning C4018: '<': signed/unsigned mismatch
C:\Users\SolerioX\Documents\SETU_Carlow\Games_Fleadh\Neon_Run\Neon_Run\AnimatedFSM\Set1.cpp(91,17): warning C4018: '<': signed/unsigned mismatch
  Set2.cpp
C:\Users\SolerioX\Documents\SETU_Carlow\Games_Fleadh\Neon_Run\Neon_Run\AnimatedFSM\Set2.cpp(6,12): warning C4244: 'argument': conversion from 'time_t' to 'unsigned int', possible loss of data
C:\Users\SolerioX\Documents\SETU_Carlow\Games_Fleadh\Neon_Run\Neon_Run\AnimatedFSM\Set2.cpp(19,62): warning C4244: 'argument': conversion from 'T' to 'T', possible loss of data
          with
          [
              T=unsigned int
          ]
          and
          [
              T=float
          ]
C:\Users\SolerioX\Documents\SETU_Carlow\Games_Fleadh\Neon_Run\Neon_Run\AnimatedFSM\Set2.cpp(112,20): warning C4018: '<': signed/unsigned mismatch
C:\Users\SolerioX\Documents\SETU_Carlow\Games_Fleadh\Neon_Run\Neon_Run\AnimatedFSM\Set2.cpp(132,20): warning C4018: '<': signed/unsigned mismatch
  Set3.cpp
C:\Users\SolerioX\Documents\SETU_Carlow\Games_Fleadh\Neon_Run\Neon_Run\AnimatedFSM\Set3.cpp(6,12): warning C4244: 'argument': conversion from 'time_t' to 'unsigned int', possible loss of data
C:\Users\SolerioX\Documents\SETU_Carlow\Games_Fleadh\Neon_Run\Neon_Run\AnimatedFSM\Set3.cpp(20,62): warning C4244: 'argument': conversion from 'T' to 'T', possible loss of data
          with
          [
              T=unsigned int
          ]
          and
          [
              T=float
          ]
C:\Users\SolerioX\Documents\SETU_Carlow\Games_Fleadh\Neon_Run\Neon_Run\AnimatedFSM\Set3.cpp(133,20): warning C4018: '<': signed/unsigned mismatch
C:\Users\SolerioX\Documents\SETU_Carlow\Games_Fleadh\Neon_Run\Neon_Run\AnimatedFSM\Set3.cpp(163,20): warning C4018: '<': signed/unsigned mismatch
  Set4.cpp
C:\Users\SolerioX\Documents\SETU_Carlow\Games_Fleadh\Neon_Run\Neon_Run\AnimatedFSM\Set4.cpp(6,12): warning C4244: 'argument': conversion from 'time_t' to 'unsigned int', possible loss of data
C:\Users\SolerioX\Documents\SETU_Carlow\Games_Fleadh\Neon_Run\Neon_Run\AnimatedFSM\Set4.cpp(18,62): warning C4244: 'argument': conversion from 'T' to 'T', possible loss of data
          with
          [
              T=unsigned int
          ]
          and
          [
              T=float
          ]
C:\Users\SolerioX\Documents\SETU_Carlow\Games_Fleadh\Neon_Run\Neon_Run\AnimatedFSM\Set4.cpp(67,20): warning C4018: '<': signed/unsigned mismatch
C:\Users\SolerioX\Documents\SETU_Carlow\Games_Fleadh\Neon_Run\Neon_Run\AnimatedFSM\Set4.cpp(95,20): warning C4018: '<': signed/unsigned mismatch
  Set5.cpp
C:\Users\SolerioX\Documents\SETU_Carlow\Games_Fleadh\Neon_Run\Neon_Run\AnimatedFSM\Set5.cpp(6,12): warning C4244: 'argument': conversion from 'time_t' to 'unsigned int', possible loss of data
C:\Users\SolerioX\Documents\SETU_Carlow\Games_Fleadh\Neon_Run\Neon_Run\AnimatedFSM\Set5.cpp(20,69): warning C4244: 'argument': conversion from 'T' to 'T', possible loss of data
          with
          [
              T=unsigned int
          ]
          and
          [
              T=float
          ]
C:\Users\SolerioX\Documents\SETU_Carlow\Games_Fleadh\Neon_Run\Neon_Run\AnimatedFSM\Set5.cpp(112,20): warning C4018: '<': signed/unsigned mismatch
C:\Users\SolerioX\Documents\SETU_Carlow\Games_Fleadh\Neon_Run\Neon_Run\AnimatedFSM\Set5.cpp(130,20): warning C4018: '<': signed/unsigned mismatch
  SlidePlayerState.cpp
C:\Users\SolerioX\Documents\SETU_Carlow\Games_Fleadh\Neon_Run\Neon_Run\AnimatedFSM\SlidePlayerState.cpp(36,20): warning C4018: '<': signed/unsigned mismatch
C:\Users\SolerioX\Documents\SETU_Carlow\Games_Fleadh\Neon_Run\Neon_Run\AnimatedFSM\SlidePlayerState.cpp(43,9): warning C4018: '>=': signed/unsigned mismatch
  ThrowAttackEnemyState.cpp
C:\Users\SolerioX\Documents\SETU_Carlow\Games_Fleadh\Neon_Run\Neon_Run\AnimatedFSM\ThrowAttackEnemyState.cpp(48,21): warning C4018: '<': signed/unsigned mismatch
  ThrowAttackPlayerState.cpp
C:\Users\SolerioX\Documents\SETU_Carlow\Games_Fleadh\Neon_Run\Neon_Run\AnimatedFSM\ThrowAttackPlayerState.cpp(43,20): warning C4018: '<': signed/unsigned mismatch
  Generating Code...
  AnimatedFSM.vcxproj -> C:\Users\SolerioX\Documents\SETU_Carlow\Games_Fleadh\Neon_Run\Neon_Run\Debug\AnimatedFSM.exe
